<?xml version="1.0" encoding="UTF-8"?>
<!-- Generated by org.testng.reporters.JUnitXMLReporter -->
<testsuite ignored="0" hostname="Adithis-MacBook-Air.local" failures="0" tests="3" name="Default test" time="14.989" errors="0" timestamp="2024-02-21T23:00:33 PST">
  <testcase classname="org.company.project.automation.testCases.DDFLoginTestScenario" name="validateLoginFunctions" time="0.52"/>
  <testcase classname="org.company.project.automation.testCases.DDFLoginTestScenario" name="validateLoginFunctions" time="0.384"/>
  <testcase classname="org.company.project.automation.testCases.DDFLoginTestScenario" name="validateLoginFunctions" time="0.426"/>
</testsuite> <!-- Default test -->
