<?xml version="1.0" encoding="UTF-8"?>
<!-- Generated by org.testng.reporters.JUnitXMLReporter -->
<testsuite ignored="2" hostname="Adithis-MacBook-Air.local" failures="1" tests="11" name="Test" time="93.002" errors="0" timestamp="2024-02-09T13:45:53 PST">
  <testcase classname="org.practice.automation.PracticeCaptureScreenshotClass" name="handleFramesToTakeScreenshot" time="11.064"/>
  <testcase classname="org.practice.automation.PracticeHandleWindowsAlertsFramesClass" name="handleFrames" time="16.013"/>
  <testcase classname="org.practice.automation.PracticeHandleKeyboardMouse" name="handleKeyboard" time="3.892"/>
  <testcase classname="org.practice.automation.PracticeHandleKeyboardMouse" name="handleMouse" time="7.335"/>
  <testcase classname="org.practice.automation.PracticeBrowserControlClass" name="launchBrowser" time="12.001"/>
  <testcase classname="org.practice.automation.PracticeAssertionsAndWaitsClass" name="hardAndSoftAsserts" time="3.788">
    <failure type="java.lang.AssertionError" message="expected [Log In] but found [LogIn]">
      <![CDATA[java.lang.AssertionError: expected [Log In] but found [LogIn]
at org.practice.automation.PracticeAssertionsAndWaitsClass.hardAndSoftAsserts(PracticeAssertionsAndWaitsClass.java:60)
at java.base/java.util.ArrayList.forEach(ArrayList.java:1596)
... Removed 31 stack frames]]>
    </failure>
  </testcase> <!-- hardAndSoftAsserts -->
  <testcase classname="org.practice.automation.PracticeAssertionsAndWaitsClass" name="waitTime" time="4.743"/>
  <testcase classname="org.practice.automation.PracticeAutomationClass" name="practiceLoginFunction" time="0.658"/>
  <testcase classname="org.practice.automation.PracticeAutomationClass" name="practiceSignupFunction" time="12.446"/>
  <testcase classname="org.practice.automation.PracticeFetchDataAtRuntimeClass" name="fetchData" time="4.156"/>
  <testcase classname="org.practice.automation.PracticeFetchDataAtRuntimeClass" name="fetchState" time="10.55"/>
  <testcase classname="org.practice.automation.PracticeHandleWindowsAlertsFramesClass" name="handleWindowsorTabs" time="0.0">
    <ignored/>
  </testcase> <!-- handleWindowsorTabs -->
  <testcase classname="org.practice.automation.PracticeHandleWindowsAlertsFramesClass" name="handleAlerts" time="0.0">
    <ignored/>
  </testcase> <!-- handleAlerts -->
</testsuite> <!-- Test -->
