<?xml version="1.0" encoding="UTF-8"?>
<testng-results ignored="0" total="3" passed="3" failed="0" skipped="0">
  <reporter-output>
  </reporter-output>
  <suite started-at="2024-02-21T23:00:18 PST" name="Default suite" finished-at="2024-02-21T23:00:33 PST" duration-ms="14989">
    <groups>
    </groups>
    <test started-at="2024-02-21T23:00:18 PST" name="Default test" finished-at="2024-02-21T23:00:33 PST" duration-ms="14989">
      <class name="org.company.project.automation.testCases.DDFLoginTestScenario">
        <test-method is-config="true" signature="launchBrowser()[pri:0, instance:org.company.project.automation.testCases.DDFLoginTestScenario@50a638b5]" started-at="2024-02-21T23:00:18 PST" name="launchBrowser" finished-at="2024-02-21T23:00:24 PST" duration-ms="6040" status="PASS">
          <reporter-output>
          </reporter-output>
        </test-method> <!-- launchBrowser -->
        <test-method signature="validateLoginFunctions(java.lang.String,java.lang.String)[pri:0, instance:org.company.project.automation.testCases.DDFLoginTestScenario@50a638b5]" started-at="2024-02-21T23:00:24 PST" name="validateLoginFunctions" data-provider="staticdata" finished-at="2024-02-21T23:00:24 PST" duration-ms="520" status="PASS">
          <params>
            <param index="0">
              <value>
                <![CDATA[xyz1@abc.com]]>
              </value>
            </param>
            <param index="1">
              <value>
                <![CDATA[pass1]]>
              </value>
            </param>
          </params>
          <reporter-output>
          </reporter-output>
        </test-method> <!-- validateLoginFunctions -->
        <test-method is-config="true" signature="closeBrowser()[pri:0, instance:org.company.project.automation.testCases.DDFLoginTestScenario@50a638b5]" started-at="2024-02-21T23:00:24 PST" name="closeBrowser" finished-at="2024-02-21T23:00:25 PST" duration-ms="237" status="PASS">
          <reporter-output>
          </reporter-output>
        </test-method> <!-- closeBrowser -->
        <test-method is-config="true" signature="launchBrowser()[pri:0, instance:org.company.project.automation.testCases.DDFLoginTestScenario@50a638b5]" started-at="2024-02-21T23:00:25 PST" name="launchBrowser" finished-at="2024-02-21T23:00:28 PST" duration-ms="3471" status="PASS">
          <reporter-output>
          </reporter-output>
        </test-method> <!-- launchBrowser -->
        <test-method signature="validateLoginFunctions(java.lang.String,java.lang.String)[pri:0, instance:org.company.project.automation.testCases.DDFLoginTestScenario@50a638b5]" started-at="2024-02-21T23:00:28 PST" name="validateLoginFunctions" data-provider="staticdata" finished-at="2024-02-21T23:00:29 PST" duration-ms="384" status="PASS">
          <params>
            <param index="0">
              <value>
                <![CDATA[xyz2@abc.com]]>
              </value>
            </param>
            <param index="1">
              <value>
                <![CDATA[pass2]]>
              </value>
            </param>
          </params>
          <reporter-output>
          </reporter-output>
        </test-method> <!-- validateLoginFunctions -->
        <test-method is-config="true" signature="closeBrowser()[pri:0, instance:org.company.project.automation.testCases.DDFLoginTestScenario@50a638b5]" started-at="2024-02-21T23:00:29 PST" name="closeBrowser" finished-at="2024-02-21T23:00:29 PST" duration-ms="224" status="PASS">
          <reporter-output>
          </reporter-output>
        </test-method> <!-- closeBrowser -->
        <test-method is-config="true" signature="launchBrowser()[pri:0, instance:org.company.project.automation.testCases.DDFLoginTestScenario@50a638b5]" started-at="2024-02-21T23:00:29 PST" name="launchBrowser" finished-at="2024-02-21T23:00:32 PST" duration-ms="3345" status="PASS">
          <reporter-output>
          </reporter-output>
        </test-method> <!-- launchBrowser -->
        <test-method signature="validateLoginFunctions(java.lang.String,java.lang.String)[pri:0, instance:org.company.project.automation.testCases.DDFLoginTestScenario@50a638b5]" started-at="2024-02-21T23:00:32 PST" name="validateLoginFunctions" data-provider="staticdata" finished-at="2024-02-21T23:00:33 PST" duration-ms="426" status="PASS">
          <params>
            <param index="0">
              <value>
                <![CDATA[xyz3@abc.com]]>
              </value>
            </param>
            <param index="1">
              <value>
                <![CDATA[pass3]]>
              </value>
            </param>
          </params>
          <reporter-output>
          </reporter-output>
        </test-method> <!-- validateLoginFunctions -->
        <test-method is-config="true" signature="closeBrowser()[pri:0, instance:org.company.project.automation.testCases.DDFLoginTestScenario@50a638b5]" started-at="2024-02-21T23:00:33 PST" name="closeBrowser" finished-at="2024-02-21T23:00:33 PST" duration-ms="259" status="PASS">
          <reporter-output>
          </reporter-output>
        </test-method> <!-- closeBrowser -->
      </class> <!-- org.company.project.automation.testCases.DDFLoginTestScenario -->
    </test> <!-- Default test -->
  </suite> <!-- Default suite -->
</testng-results>
